2016-11-16 21:51:22,672 CRIT Supervisor running as root (no user in config file)
2016-11-16 21:51:22,674 INFO supervisord started with pid 1
2016-11-16 21:51:23,676 INFO spawned: 'xlr' with pid 14
2016-11-16 21:51:24,686 INFO success: xlr entered RUNNING state, process has stayed up for > than 1 seconds (startsecs)
2016-11-16 21:52:03,736 INFO exited: xlr (exit status 0; expected)
2016-11-16 21:54:32,005 WARN received SIGTERM indicating exit request
2016-11-16 21:55:23,786 CRIT Supervisor running as root (no user in config file)
2016-11-16 21:55:23,788 INFO supervisord started with pid 1
2016-11-16 21:55:24,789 INFO spawned: 'xlr' with pid 14
2016-11-16 21:55:25,923 INFO success: xlr entered RUNNING state, process has stayed up for > than 1 seconds (startsecs)
2016-11-16 21:56:04,975 INFO exited: xlr (exit status 0; expected)
2016-11-16 21:59:27,642 WARN received SIGTERM indicating exit request
2016-11-16 21:59:47,188 CRIT Supervisor running as root (no user in config file)
2016-11-16 21:59:47,190 INFO supervisord started with pid 1
2016-11-16 21:59:48,192 INFO spawned: 'xlr' with pid 16
2016-11-16 21:59:49,328 INFO success: xlr entered RUNNING state, process has stayed up for > than 1 seconds (startsecs)
2016-11-16 22:00:28,452 INFO exited: xlr (exit status 0; expected)
2016-11-16 22:12:14,576 WARN received SIGTERM indicating exit request
2016-11-16 22:13:03,315 CRIT Supervisor running as root (no user in config file)
2016-11-16 22:13:03,317 INFO supervisord started with pid 1
2016-11-16 22:13:04,319 INFO spawned: 'xlr' with pid 14
2016-11-16 22:13:05,330 INFO success: xlr entered RUNNING state, process has stayed up for > than 1 seconds (startsecs)
2016-11-16 22:13:44,399 INFO exited: xlr (exit status 0; expected)
2016-11-16 22:34:12,030 WARN received SIGTERM indicating exit request
2016-11-16 22:34:35,246 CRIT Supervisor running as root (no user in config file)
2016-11-16 22:34:35,249 INFO supervisord started with pid 1
2016-11-16 22:34:36,251 INFO spawned: 'xlr' with pid 14
2016-11-16 22:34:37,406 INFO success: xlr entered RUNNING state, process has stayed up for > than 1 seconds (startsecs)
2016-11-16 22:35:16,307 INFO exited: xlr (exit status 0; expected)
2016-11-16 22:43:01,118 WARN received SIGTERM indicating exit request
2016-11-16 22:43:21,506 CRIT Supervisor running as root (no user in config file)
2016-11-16 22:43:21,508 INFO supervisord started with pid 1
2016-11-16 22:43:22,510 INFO spawned: 'xlr' with pid 14
2016-11-16 22:43:23,518 INFO success: xlr entered RUNNING state, process has stayed up for > than 1 seconds (startsecs)
2016-11-16 22:44:02,704 INFO exited: xlr (exit status 0; expected)
2016-11-16 22:53:25,415 WARN received SIGTERM indicating exit request
2016-11-16 22:53:49,053 CRIT Supervisor running as root (no user in config file)
2016-11-16 22:53:49,055 INFO supervisord started with pid 1
2016-11-16 22:53:50,057 INFO spawned: 'xlr' with pid 14
2016-11-16 22:53:51,197 INFO success: xlr entered RUNNING state, process has stayed up for > than 1 seconds (startsecs)
2016-11-16 22:54:30,110 INFO exited: xlr (exit status 0; expected)
2016-11-16 23:04:58,085 WARN received SIGTERM indicating exit request
2016-11-16 23:05:29,172 CRIT Supervisor running as root (no user in config file)
2016-11-16 23:05:29,175 INFO supervisord started with pid 1
2016-11-16 23:05:30,176 INFO spawned: 'xlr' with pid 15
2016-11-16 23:05:31,377 INFO success: xlr entered RUNNING state, process has stayed up for > than 1 seconds (startsecs)
2016-11-16 23:06:10,392 INFO exited: xlr (exit status 0; expected)
2016-11-16 23:26:52,797 WARN received SIGTERM indicating exit request
2016-11-16 23:27:15,910 CRIT Supervisor running as root (no user in config file)
2016-11-16 23:27:15,912 INFO supervisord started with pid 1
2016-11-16 23:27:16,914 INFO spawned: 'xlr' with pid 14
2016-11-16 23:27:17,924 INFO success: xlr entered RUNNING state, process has stayed up for > than 1 seconds (startsecs)
2016-11-16 23:27:57,133 INFO exited: xlr (exit status 0; expected)
2016-11-16 23:31:44,923 WARN received SIGTERM indicating exit request
2016-11-16 23:32:07,251 CRIT Supervisor running as root (no user in config file)
2016-11-16 23:32:07,255 INFO supervisord started with pid 1
2016-11-16 23:32:08,256 INFO spawned: 'xlr' with pid 15
2016-11-16 23:32:09,266 INFO success: xlr entered RUNNING state, process has stayed up for > than 1 seconds (startsecs)
2016-11-16 23:32:52,486 INFO exited: xlr (exit status 0; expected)
2016-11-16 23:38:17,533 WARN received SIGTERM indicating exit request
2016-11-16 23:38:43,577 CRIT Supervisor running as root (no user in config file)
2016-11-16 23:38:43,579 INFO supervisord started with pid 1
2016-11-16 23:38:44,581 INFO spawned: 'xlr' with pid 14
2016-11-16 23:38:45,593 INFO success: xlr entered RUNNING state, process has stayed up for > than 1 seconds (startsecs)
2016-11-16 23:39:24,787 INFO exited: xlr (exit status 0; expected)
2016-11-16 23:44:06,920 WARN received SIGTERM indicating exit request
2016-11-16 23:44:41,128 CRIT Supervisor running as root (no user in config file)
2016-11-16 23:44:41,130 INFO supervisord started with pid 1
2016-11-16 23:44:42,132 INFO spawned: 'xlr' with pid 15
2016-11-16 23:44:43,281 INFO success: xlr entered RUNNING state, process has stayed up for > than 1 seconds (startsecs)
2016-11-16 23:45:18,342 INFO exited: xlr (exit status 0; expected)
2016-11-16 23:54:19,306 WARN received SIGTERM indicating exit request
2016-11-16 23:55:53,920 CRIT Supervisor running as root (no user in config file)
2016-11-16 23:55:53,922 INFO supervisord started with pid 1
2016-11-16 23:55:54,924 INFO spawned: 'xlr' with pid 15
2016-11-16 23:55:56,093 INFO success: xlr entered RUNNING state, process has stayed up for > than 1 seconds (startsecs)
2016-11-16 23:56:35,146 INFO exited: xlr (exit status 0; expected)
2016-11-17 00:00:01,185 WARN received SIGTERM indicating exit request
2016-11-17 00:01:47,279 CRIT Supervisor running as root (no user in config file)
2016-11-17 00:01:47,281 INFO supervisord started with pid 1
2016-11-17 00:01:48,283 INFO spawned: 'xlr' with pid 14
2016-11-17 00:01:49,411 INFO success: xlr entered RUNNING state, process has stayed up for > than 1 seconds (startsecs)
2016-11-17 00:02:28,484 INFO exited: xlr (exit status 0; expected)
2016-11-17 00:36:34,593 WARN received SIGTERM indicating exit request
2016-11-17 00:36:58,539 CRIT Supervisor running as root (no user in config file)
2016-11-17 00:36:58,541 INFO supervisord started with pid 1
2016-11-17 00:36:59,543 INFO spawned: 'xlr' with pid 15
2016-11-17 00:37:00,700 INFO success: xlr entered RUNNING state, process has stayed up for > than 1 seconds (startsecs)
2016-11-17 00:37:39,745 INFO exited: xlr (exit status 0; expected)
2016-11-17 00:41:31,827 WARN received SIGTERM indicating exit request
